Setting breakpad minidump AppID = 418240
Steam_SetMinidumpSteamID:  Caching Steam ID:  76561198060650377 [API loaded no]
ZE=8
GLX_ALPHA_SIZE=8
GLX_DEPTH_SIZE=24
GLX_STENCIL_SIZE=8
GLX_SAMPLES_ARB=0
GLX_SAMPLE_BUFFERS_ARB=0
GLX_STEREO=0
GLX_CONFIG_CAVEAT=NONE

Desktop is 3200 x 1080 @ 60 Hz
Initialize engine version: 5.4.4f1 (7a53403f38a0)
GfxDevice: creating device client; threaded=1
GLX Extensions: GLX_EXT_visual_info GLX_EXT_visual_rating GLX_EXT_import_context GLX_SGIX_fbconfig GLX_SGIX_pbuffer GLX_SGI_video_sync GLX_SGI_swap_control GLX_EXT_swap_control GLX_EXT_swap_control_tear GLX_EXT_texture_from_pixmap GLX_EXT_buffer_age GLX_ARB_create_context GLX_ARB_create_context_profile GLX_EXT_create_context_es_profile GLX_EXT_create_context_es2_profile GLX_ARB_create_context_no_error GLX_ARB_create_context_robustness GLX_NV_delay_before_swap GLX_EXT_stereo_tree GLX_ARB_context_flush_control GLX_NV_robustness_video_memory_purge GLX_ARB_multisample GLX_NV_float_buffer GLX_ARB_fbconfig_float GLX_EXT_framebuffer_sRGB GLX_NV_copy_image GLX_ARB_get_proc_address 
Setting maxVSyncInterval to 4
Renderer: GeForce GTX 1070/PCIe/SSE2
Vendor:   NVIDIA Corporation
Version:  4.5.0 NVIDIA 390.48
GLES:     0
 GL_AMD_multi_draw_indirect GL_AMD_seamless_cubemap_per_texture GL_AMD_vertex_shader_viewport_index GL_AMD_vertex_shader_layer GL_ARB_arrays_of_arrays GL_ARB_base_instance GL_ARB_bindless_texture GL_ARB_blend_func_extended GL_ARB_buffer_storage GL_ARB_clear_buffer_object GL_ARB_clear_texture GL_ARB_clip_control GL_ARB_color_buffer_float GL_ARB_compressed_texture_pixel_storage GL_ARB_conservative_depth GL_ARB_compute_shader GL_ARB_compute_variable_group_size GL_ARB_conditional_render_inverted GL_ARB_copy_buffer GL_ARB_copy_image GL_ARB_cull_distance GL_ARB_debug_output GL_ARB_depth_buffer_float GL_ARB_depth_clamp GL_ARB_depth_texture GL_ARB_derivative_control GL_ARB_direct_state_access GL_ARB_draw_buffers GL_ARB_draw_buffers_blend GL_ARB_draw_indirect GL_ARB_draw_elements_base_vertex GL_ARB_draw_instanced GL_ARB_enhanced_layouts GL_ARB_ES2_compatibility GL_ARB_ES3_compatibility GL_ARB_ES3_1_compatibility GL_ARB_ES3_2_compatibility GL_ARB_explicit_attrib_location GL_ARB_explicit_uniform_location GL_ARB_fragmen
t_coord_conventions GL_ARB_fragment_layer_viewport GL_ARB_fragment_program GL_ARB_fragment_program_shadow GL_ARB_fragment_shader GL_ARB_fragment_shader_interlock GL_ARB_framebuffer_no_attachments GL_ARB_framebuffer_object GL_ARB_framebuffer_sRGB GL_ARB_geometry_shader4 GL_ARB_get_program_binary GL_ARB_get_texture_sub_image GL_ARB_gl_spirv GL_ARB_gpu_shader5 GL_ARB_gpu_shader_fp64 GL_ARB_gpu_shader_int64 GL_ARB_half_float_pixel GL_ARB_half_float_vertex GL_ARB_imaging GL_ARB_indirect_parameters GL_ARB_instanced_arrays GL_ARB_internalformat_query GL_ARB_internalformat_query2 GL_ARB_invalidate_subdata GL_ARB_map_buffer_alignment GL_ARB_map_buffer_range GL_ARB_multi_bind GL_ARB_multi_draw_indirect GL_ARB_multisample GL_ARB_multitexture GL_ARB_occlusion_query GL_ARB_occlusion_query2 GL_ARB_parallel_shader_compile GL_ARB_pipeline_statistics_query GL_ARB_pixel_buffer_object GL_ARB_point_parameters GL_ARB_point_sprite GL_ARB_polygon_offset_clamp GL_ARB_post_depth_coverage GL_ARB_program_interface_query GL_ARB_provoki
ng_vertex GL_ARB_query_buffer_object GL_ARB_robust_buffer_access_behavior GL_ARB_robustness GL_ARB_sample_locations GL_ARB_sample_shading GL_ARB_sampler_objects GL_ARB_seamless_cube_map GL_ARB_seamless_cubemap_per_texture GL_ARB_separate_shader_objects GL_ARB_shader_atomic_counter_ops GL_ARB_shader_atomic_counters GL_ARB_shader_ballot GL_ARB_shader_bit_encoding GL_ARB_shader_clock GL_ARB_shader_draw_parameters GL_ARB_shader_group_vote GL_ARB_shader_image_load_store GL_ARB_shader_image_size GL_ARB_shader_objects GL_ARB_shader_precision GL_ARB_shader_storage_buffer_object GL_ARB_shader_subroutine GL_ARB_shader_texture_image_samples GL_ARB_shader_texture_lod GL_ARB_shading_language_100 GL_ARB_shader_viewport_layer_array GL_ARB_shading_language_420pack GL_ARB_shading_language_include GL_ARB_shading_language_packing GL_ARB_shadow GL_ARB_sparse_buffer GL_ARB_sparse_texture GL_ARB_sparse_texture2 GL_ARB_sparse_texture_clamp GL_ARB_spirv_extensions GL_ARB_stencil_texturing GL_ARB_sync GL_ARB_tessellation_shader GL_A
RB_texture_barrier GL_ARB_texture_border_clamp GL_ARB_texture_buffer_object GL_ARB_texture_buffer_object_rgb32 GL_ARB_texture_buffer_range GL_ARB_texture_compression GL_ARB_texture_compression_bptc GL_ARB_texture_compression_rgtc GL_ARB_texture_cube_map GL_ARB_texture_cube_map_array GL_ARB_texture_env_add GL_ARB_texture_env_combine GL_ARB_texture_env_crossbar GL_ARB_texture_env_dot3 GL_ARB_texture_filter_anisotropic GL_ARB_texture_filter_minmax GL_ARB_texture_float GL_ARB_texture_gather GL_ARB_texture_mirror_clamp_to_edge GL_ARB_texture_mirrored_repeat GL_ARB_texture_multisample GL_ARB_texture_non_power_of_two GL_ARB_texture_query_levels GL_ARB_texture_query_lod GL_ARB_texture_rectangle GL_ARB_texture_rg GL_ARB_texture_rgb10_a2ui GL_ARB_texture_stencil8 GL_ARB_texture_storage GL_ARB_texture_storage_multisample GL_ARB_texture_swizzle GL_ARB_texture_view GL_ARB_timer_query GL_ARB_transform_feedback2 GL_ARB_transform_feedback3 GL_ARB_transform_feedback_instanced GL_ARB_transform_feedback_overflow_query GL_ARB_t
ranspose_matrix GL_ARB_uniform_buffer_object GL_ARB_vertex_array_bgra GL_ARB_vertex_array_object GL_ARB_vertex_attrib_64bit GL_ARB_vertex_attrib_binding GL_ARB_vertex_buffer_object GL_ARB_vertex_program GL_ARB_vertex_shader GL_ARB_vertex_type_10f_11f_11f_rev GL_ARB_vertex_type_2_10_10_10_rev GL_ARB_viewport_array GL_ARB_window_pos GL_ATI_draw_buffers GL_ATI_texture_float GL_ATI_texture_mirror_once GL_S3_s3tc GL_EXT_texture_env_add GL_EXT_abgr GL_EXT_bgra GL_EXT_bindable_uniform GL_EXT_blend_color GL_EXT_blend_equation_separate GL_EXT_blend_func_separate GL_EXT_blend_minmax GL_EXT_blend_subtract GL_EXT_compiled_vertex_array GL_EXT_Cg_shader GL_EXT_depth_bounds_test GL_EXT_direct_state_access GL_EXT_draw_buffers2 GL_EXT_draw_instanced GL_EXT_draw_range_elements GL_EXT_fog_coord GL_EXT_framebuffer_blit GL_EXT_framebuffer_multisample GL_EXTX_framebuffer_mixed_formats GL_EXT_framebuffer_multisample_blit_scaled GL_EXT_framebuffer_object GL_EXT_framebuffer_sRGB GL_EXT_geometry_shader4 GL_EXT_gpu_program_parameters 
GL_EXT_gpu_shader4 GL_EXT_multi_draw_arrays GL_EXT_packed_depth_stencil GL_EXT_packed_float GL_EXT_packed_pixels GL_EXT_pixel_buffer_object GL_EXT_point_parameters GL_EXT_polygon_offset_clamp GL_EXT_post_depth_coverage GL_EXT_provoking_vertex GL_EXT_raster_multisample GL_EXT_rescale_normal GL_EXT_secondary_color GL_EXT_separate_shader_objects GL_EXT_separate_specular_color GL_EXT_shader_image_load_formatted GL_EXT_shader_image_load_store GL_EXT_shader_integer_mix GL_EXT_shadow_funcs GL_EXT_sparse_texture2 GL_EXT_stencil_two_side GL_EXT_stencil_wrap GL_EXT_texture3D GL_EXT_texture_array GL_EXT_texture_buffer_object GL_EXT_texture_compression_dxt1 GL_EXT_texture_compression_latc GL_EXT_texture_compression_rgtc GL_EXT_texture_compression_s3tc GL_EXT_texture_cube_map GL_EXT_texture_edge_clamp GL_EXT_texture_env_combine GL_EXT_texture_env_dot3 GL_EXT_texture_filter_anisotropic GL_EXT_texture_filter_minmax GL_EXT_texture_integer GL_EXT_texture_lod GL_EXT_texture_lod_bias GL_EXT_texture_mirror_clamp GL_EXT_texture_
object GL_EXT_texture_shared_exponent GL_EXT_texture_sRGB GL_EXT_texture_sRGB_decode GL_EXT_texture_storage GL_EXT_texture_swizzle GL_EXT_timer_query GL_EXT_transform_feedback2 GL_EXT_vertex_array GL_EXT_vertex_array_bgra GL_EXT_vertex_attrib_64bit GL_EXT_window_rectangles GL_EXT_x11_sync_object GL_EXT_import_sync_object GL_NV_robustness_video_memory_purge GL_IBM_rasterpos_clip GL_IBM_texture_mirrored_repeat GL_KHR_context_flush_control GL_KHR_debug GL_EXT_memory_object GL_EXT_memory_object_fd GL_KHR_parallel_shader_compile GL_KHR_no_error GL_KHR_robust_buffer_access_behavior GL_KHR_robustness GL_EXT_semaphore GL_EXT_semaphore_fd GL_KTX_buffer_region GL_NV_alpha_to_coverage_dither_control GL_NV_bindless_multi_draw_indirect GL_NV_bindless_multi_draw_indirect_count GL_NV_bindless_texture GL_NV_blend_equation_advanced GL_NV_blend_equation_advanced_coherent GL_NVX_blend_equation_advanced_multi_draw_buffers GL_NV_blend_minmax_factor GL_NV_blend_square GL_NV_clip_space_w_scaling GL_NV_command_list GL_NV_compute_pr
ogram5 GL_NV_conditional_render GL_NV_conservative_raster GL_NV_conservative_raster_dilate GL_NV_conservative_raster_pre_snap_triangles GL_NV_copy_depth_to_color GL_NV_copy_image GL_NV_depth_buffer_float GL_NV_depth_clamp GL_NV_draw_texture GL_NV_draw_vulkan_image GL_NV_ES1_1_compatibility GL_NV_ES3_1_compatibility GL_NV_explicit_multisample GL_NV_fence GL_NV_fill_rectangle GL_NV_float_buffer GL_NV_fog_distance GL_NV_fragment_coverage_to_color GL_NV_fragment_program GL_NV_fragment_program_option GL_NV_fragment_program2 GL_NV_fragment_shader_interlock GL_NV_framebuffer_mixed_samples GL_NV_framebuffer_multisample_coverage GL_NV_geometry_shader4 GL_NV_geometry_shader_passthrough GL_NV_gpu_program4 GL_NV_internalformat_sample_query GL_NV_gpu_program4_1 GL_NV_gpu_program5 GL_NV_gpu_program5_mem_extended GL_NV_gpu_program_fp64 GL_NV_gpu_shader5 GL_NV_half_float GL_NV_light_max_exponent GL_NV_multisample_coverage GL_NV_multisample_filter_hint GL_NV_occlusion_query GL_NV_packed_depth_stencil GL_NV_parameter_buffer_o
bject GL_NV_parameter_buffer_object2 GL_NV_path_rendering GL_NV_path_rendering_shared_edge GL_NV_pixel_data_range GL_NV_point_sprite GL_NV_primitive_restart GL_NV_query_resource GL_NV_query_resource_tag GL_NV_register_combiners GL_NV_register_combiners2 GL_NV_sample_locations GL_NV_sample_mask_override_coverage GL_NV_shader_atomic_counters GL_NV_shader_atomic_float GL_NV_shader_atomic_float64 GL_NV_shader_atomic_fp16_vector GL_NV_shader_atomic_int64 GL_NV_shader_buffer_load GL_NV_shader_storage_buffer_object GL_NV_stereo_view_rendering GL_NV_texgen_reflection GL_NV_texture_barrier GL_NV_texture_compression_vtc GL_NV_texture_env_combine4 GL_NV_texture_multisample GL_NV_texture_rectangle GL_NV_texture_rectangle_compressed GL_NV_texture_shader GL_NV_texture_shader2 GL_NV_texture_shader3 GL_NV_transform_feedback GL_NV_transform_feedback2 GL_NV_uniform_buffer_unified_memory GL_NV_vdpau_interop GL_NV_vertex_array_range GL_NV_vertex_array_range2 GL_NV_vertex_attrib_integer_64bit GL_NV_vertex_buffer_unified_memory G
L_NV_vertex_program GL_NV_vertex_program1_1 GL_NV_vertex_program2 GL_NV_vertex_program2_option GL_NV_vertex_program3 GL_NV_viewport_array2 GL_NV_viewport_swizzle GL_NVX_conditional_render GL_NVX_gpu_memory_info GL_NVX_nvenc_interop GL_NV_shader_thread_group GL_NV_shader_thread_shuffle GL_KHR_blend_equation_advanced GL_KHR_blend_equation_advanced_coherent GL_SGIS_generate_mipmap GL_SGIS_texture_lod GL_SGIX_depth_texture GL_SGIX_shadow GL_SUN_slice_accum
OPENGL LOG: Creating OpenGL 4.5 graphics device ; Context level  <OpenGL 4.5> ; Context handle 178095008
AudioManager: Using PulseAudio: Default Output Device
Begin MonoManager ReloadAssembly
Platform assembly: /home/tom1/.local/share/Steam/steamapps/common/Shadow Tactics/Shadow Tactics_Data/Managed/UnityEngine.dll (this message is harmless)
Loading /home/tom1/.local/share/Steam/steamapps/common/Shadow Tactics/Shadow Tactics_Data/Managed/UnityEngine.dll into Unity Child Domain
Platform assembly: /home/tom1/.local/share/Steam/steamapps/common/Shadow Tactics/Shadow Tactics_Data/Managed/Assembly-CSharp-firstpass.dll (this message is harmless)
Loading /home/tom1/.local/share/Steam/steamapps/common/Shadow Tactics/Shadow Tactics_Data/Managed/Assembly-CSharp-firstpass.dll into Unity Child Domain
Platform assembly: /home/tom1/.local/share/Steam/steamapps/common/Shadow Tactics/Shadow Tactics_Data/Managed/Assembly-CSharp.dll (this message is harmless)
Loading /home/tom1/.local/share/Steam/steamapps/common/Shadow Tactics/Shadow Tactics_Data/Managed/Assembly-CSharp.dll into Unity Child Domain
Platform assembly: /home/tom1/.local/share/Steam/steamapps/common/Shadow Tactics/Shadow Tactics_Data/Managed/UnityEngine.UI.dll (this message is harmless)
Loading /home/tom1/.local/share/Steam/steamapps/common/Shadow Tactics/Shadow Tactics_Data/Managed/UnityEngine.UI.dll into Unity Child Domain
Platform assembly: /home/tom1/.local/share/Steam/steamapps/common/Shadow Tactics/Shadow Tactics_Data/Managed/UnityEngine.Networking.dll (this message is harmless)
Loading /home/tom1/.local/share/Steam/steamapps/common/Shadow Tactics/Shadow Tactics_Data/Managed/UnityEngine.Networking.dll into Unity Child Domain
Platform assembly: /home/tom1/.local/share/Steam/steamapps/common/Shadow Tactics/Shadow Tactics_Data/Managed/UnityEngine.Analytics.dll (this message is harmless)
Loading /home/tom1/.local/share/Steam/steamapps/common/Shadow Tactics/Shadow Tactics_Data/Managed/UnityEngine.Analytics.dll into Unity Child Domain
Platform assembly: /home/tom1/.local/share/Steam/steamapps/common/Shadow Tactics/Shadow Tactics_Data/Managed/AmplifyColor.dll (this message is harmless)
Loading /home/tom1/.local/share/Steam/steamapps/common/Shadow Tactics/Shadow Tactics_Data/Managed/AmplifyColor.dll into Unity Child Domain
Platform assembly: /home/tom1/.local/share/Steam/steamapps/common/Shadow Tactics/Shadow Tactics_Data/Managed/Daedalic.Dbtool.Client.dll (this message is harmless)
Loading /home/tom1/.local/share/Steam/steamapps/common/Shadow Tactics/Shadow Tactics_Data/Managed/Daedalic.Dbtool.Client.dll into Unity Child Domain
Platform assembly: /home/tom1/.local/share/Steam/steamapps/common/Shadow Tactics/Shadow Tactics_Data/Managed/DecalSystem.Runtime.dll (this message is harmless)
Loading /home/tom1/.local/share/Steam/steamapps/common/Shadow Tactics/Shadow Tactics_Data/Managed/DecalSystem.Runtime.dll into Unity Child Domain
Platform assembly: /home/tom1/.local/share/Steam/steamapps/common/Shadow Tactics/Shadow Tactics_Data/Managed/UnityEngine.CrashLog.dll (this message is harmless)
Loading /home/tom1/.local/share/Steam/steamapps/common/Shadow Tactics/Shadow Tactics_Data/Managed/UnityEngine.CrashLog.dll into Unity Child Domain
Platform assembly: /home/tom1/.local/share/Steam/steamapps/common/Shadow Tactics/Shadow Tactics_Data/Managed/Rewired_Core.dll (this message is harmless)
Loading /home/tom1/.local/share/Steam/steamapps/common/Shadow Tactics/Shadow Tactics_Data/Managed/Rewired_Core.dll into Unity Child Domain
Platform assembly: /home/tom1/.local/share/Steam/steamapps/common/Shadow Tactics/Shadow Tactics_Data/Managed/Rewired_Linux_Lib.dll (this message is harmless)
Loading /home/tom1/.local/share/Steam/steamapps/common/Shadow Tactics/Shadow Tactics_Data/Managed/Rewired_Linux_Lib.dll into Unity Child Domain
- Completed reload, in  0.416 seconds
Platform assembly: /home/tom1/.local/share/Steam/steamapps/common/Shadow Tactics/Shadow Tactics_Data/Managed/System.Core.dll (this message is harmless)
Platform assembly: /home/tom1/.local/share/Steam/steamapps/common/Shadow Tactics/Shadow Tactics_Data/Managed/System.dll (this message is harmless)
Default vsync count 0
requesting resize 1920 x 1080
Using native desktop resolution 3200 x 1080
requesting fullscreen 3200 x 1080 at 0 Hz
Desktop is 3200 x 1080 @ 60 Hz
Using libudev for joystick management


Importing game controller configs
Setting up 3 worker threads for Enlighten.
  Thread -> id: c07feb40 -> priority: 1 
  Thread -> id: bfffdb40 -> priority: 1 
  Thread -> id: bf7fcb40 -> priority: 1 
UnloadTime: 7.423000 ms
Changing real window size to 1918 x 1019
Changing real window size to 1918 x 1019
Changing real window size to 1920 x 1021
Changing real window size to 1920 x 1021
Changing real window size to 1920 x 1080
Changing real window size to 1920 x 1080
Changing real window size to 1920 x 1080
GfxDevice: creating device client; threaded=1
Non platform assembly: data-0xb370e10 (this message is harmless)
Fallback handler could not load library /home/tom1/.local/share/Steam/steamapps/common/Shadow Tactics/Shadow Tactics_Data/Mono/x86/data-0xb370e10.so
Non platform assembly: data-0xb392740 (this message is harmless)
Fallback handler could not load library /home/tom1/.local/share/Steam/steamapps/common/Shadow Tactics/Shadow Tactics_Data/Mono/x86/data-0xb392740.so
Non platform assembly: data-0xb39ff80 (this message is harmless)
Fallback handler could not load library /home/tom1/.local/share/Steam/steamapps/common/Shadow Tactics/Shadow Tactics_Data/Mono/x86/data-0xb39ff80.so
Platform assembly: /home/tom1/.local/share/Steam/steamapps/common/Shadow Tactics/Shadow Tactics_Data/Managed/System.Xml.dll (this message is harmless)
GfxDevice: creating device client; threaded=1
StorageManager - Storage initialized.
 
(Filename: /home/builduser/buildslave/unity/build/artifacts/generated/common/runtime/UnityEngineDebugBindings.gen.cpp Line: 42)

requesting resize 1920 x 1080
Using native desktop resolution 3200 x 1080
Clamping fullscreen resolution to 1920 x 1080
requesting fullscreen 1920 x 1080 at 60 Hz
Desktop is 3200 x 1080 @ 60 Hz
AudioManager: Using PulseAudio: Default Output Device
requesting resize 1920 x 1080
Using native desktop resolution 3200 x 1080
Clamping fullscreen resolution to 1920 x 1080
requesting fullscreen 1920 x 1080 at 60 Hz
Desktop is 3200 x 1080 @ 60 Hz
Unloading 6 Unused Serialized files (Serialized files now loaded: 0)
UnloadTime: 0.662000 ms
PresenceManager - Set presence to MainMenu.
 
(Filename: /home/builduser/buildslave/unity/build/artifacts/generated/common/runtime/UnityEngineDebugBindings.gen.cpp Line: 42)


Unloading 280 unused Assets to reduce memory usage. Loaded Objects now: 3019.
Total: 10.099999 ms (FindLiveObjects: 0.197000 ms CreateObjectMapping: 0.090000 ms MarkObjects: 9.637000 ms  DeleteObjects: 0.176000 ms)

OPENGL NATIVE PLUG-IN ERROR: GL_INVALID_ENUM: enum argument out of range
 
(Filename: /home/builduser/buildslave/unity/build/Runtime/GfxDevice/opengles/GfxDeviceGLES.cpp Line: 270)

OPENGL NATIVE PLUG-IN ERROR: GL_INVALID_ENUM: enum argument out of range
 
(Filename: /home/builduser/buildslave/unity/build/Runtime/GfxDevice/opengles/GfxDeviceGLES.cpp Line: 270)

OPENGL NATIVE PLUG-IN ERROR: GL_INVALID_ENUM: enum argument out of range
 
(Filename: /home/builduser/buildslave/unity/build/Runtime/GfxDevice/opengles/GfxDeviceGLES.cpp Line: 270)

OPENGL NATIVE PLUG-IN ERROR: GL_INVALID_ENUM: enum argument out of range
 
(Filename: /home/builduser/buildslave/unity/build/Runtime/GfxDevice/opengles/GfxDeviceGLES.cpp Line: 270)

OPENGL NATIVE PLUG-IN ERROR: GL_INVALID_ENUM: enum argument out of range
 
(Filename: /home/builduser/buildslave/unity/build/Runtime/GfxDevice/opengles/GfxDeviceGLES.cpp Line: 270)

OPENGL NATIVE PLUG-IN ERROR: GL_INVALID_ENUM: enum argument out of range
 
(Filename: /home/builduser/buildslave/unity/build/Runtime/GfxDevice/opengles/GfxDeviceGLES.cpp Line: 270)

OPENGL NATIVE PLUG-IN ERROR: GL_INVALID_ENUM: enum argument out of range
 
(Filename: /home/builduser/buildslave/unity/build/Runtime/GfxDevice/opengles/GfxDeviceGLES.cpp Line: 270)

OPENGL NATIVE PLUG-IN ERROR: GL_INVALID_ENUM: enum argument out of range
 
(Filename: /home/builduser/buildslave/unity/build/Runtime/GfxDevice/opengles/GfxDeviceGLES.cpp Line: 270)

OPENGL NATIVE PLUG-IN ERROR: GL_INVALID_ENUM: enum argument out of range
 
(Filename: /home/builduser/buildslave/unity/build/Runtime/GfxDevice/opengles/GfxDeviceGLES.cpp Line: 270)

OPENGL NATIVE PLUG-IN ERROR: GL_INVALID_ENUM: enum argument out of range
 
(Filename: /home/builduser/buildslave/unity/build/Runtime/GfxDevice/opengles/GfxDeviceGLES.cpp Line: 270)

OPENGL NATIVE PLUG-IN ERROR: GL_INVALID_ENUM: enum argument out of range
 
(Filename: /home/builduser/buildslave/unity/build/Runtime/GfxDevice/opengles/GfxDeviceGLES.cpp Line: 270)

OPENGL NATIVE PLUG-IN ERROR: GL_INVALID_ENUM: enum argument out of range
 
(Filename: /home/builduser/buildslave/unity/build/Runtime/GfxDevice/opengles/GfxDeviceGLES.cpp Line: 270)

OPENGL NATIVE PLUG-IN ERROR: GL_INVALID_ENUM: enum argument out of range
 
(Filename: /home/builduser/buildslave/unity/build/Runtime/GfxDevice/opengles/GfxDeviceGLES.cpp Line: 270)

OPENGL NATIVE PLUG-IN ERROR: GL_INVALID_ENUM: enum argument out of range
 
(Filename: /home/builduser/buildslave/unity/build/Runtime/GfxDevice/opengles/GfxDeviceGLES.cpp Line: 270)

OPENGL NATIVE PLUG-IN ERROR: GL_INVALID_ENUM: enum argument out of range
 
(Filename: /home/builduser/buildslave/unity/build/Runtime/GfxDevice/opengles/GfxDeviceGLES.cpp Line: 270)

OPENGL NATIVE PLUG-IN ERROR: GL_INVALID_ENUM: enum argument out of range
 
(Filename: /home/builduser/buildslave/unity/build/Runtime/GfxDevice/opengles/GfxDeviceGLES.cpp Line: 270)

OPENGL NATIVE PLUG-IN ERROR: GL_INVALID_ENUM: enum argument out of range
 
(Filename: /home/builduser/buildslave/unity/build/Runtime/GfxDevice/opengles/GfxDeviceGLES.cpp Line: 270)

OPENGL NATIVE PLUG-IN ERROR: GL_INVALID_ENUM: enum argument out of range
 
(Filename: /home/builduser/buildslave/unity/build/Runtime/GfxDevice/opengles/GfxDeviceGLES.cpp Line: 270)

OPENGL NATIVE PLUG-IN ERROR: GL_INVALID_ENUM: enum argument out of range
 
(Filename: /home/builduser/buildslave/unity/build/Runtime/GfxDevice/opengles/GfxDeviceGLES.cpp Line: 270)

OPENGL NATIVE PLUG-IN ERROR: GL_INVALID_ENUM: enum argument out of range
 
(Filename: /home/builduser/buildslave/unity/build/Runtime/GfxDevice/opengles/GfxDeviceGLES.cpp Line: 270)

OPENGL NATIVE PLUG-IN ERROR: GL_INVALID_ENUM: enum argument out of range
 
(Filename: /home/builduser/buildslave/unity/build/Runtime/GfxDevice/opengles/GfxDeviceGLES.cpp Line: 270)

OPENGL NATIVE PLUG-IN ERROR: GL_INVALID_ENUM: enum argument out of range
 
(Filename: /home/builduser/buildslave/unity/build/Runtime/GfxDevice/opengles/GfxDeviceGLES.cpp Line: 270)

OPENGL NATIVE PLUG-IN ERROR: GL_INVALID_ENUM: enum argument out of range
 
(Filename: /home/builduser/buildslave/unity/build/Runtime/GfxDevice/opengles/GfxDeviceGLES.cpp Line: 270)

OPENGL NATIVE PLUG-IN ERROR: GL_INVALID_ENUM: enum argument out of range
 
(Filename: /home/builduser/buildslave/unity/build/Runtime/GfxDevice/opengles/GfxDeviceGLES.cpp Line: 270)

OPENGL NATIVE PLUG-IN ERROR: GL_INVALID_ENUM: enum argument out of range
 
(Filename: /home/builduser/buildslave/unity/build/Runtime/GfxDevice/opengles/GfxDeviceGLES.cpp Line: 270)

OPENGL NATIVE PLUG-IN ERROR: GL_INVALID_ENUM: enum argument out of range
 
(Filename: /home/builduser/buildslave/unity/build/Runtime/GfxDevice/opengles/GfxDeviceGLES.cpp Line: 270)

OPENGL NATIVE PLUG-IN ERROR: GL_INVALID_ENUM: enum argument out of range
 
(Filename: /home/builduser/buildslave/unity/build/Runtime/GfxDevice/opengles/GfxDeviceGLES.cpp Line: 270)

OPENGL NATIVE PLUG-IN ERROR: GL_INVALID_ENUM: enum argument out of range
 
(Filename: /home/builduser/buildslave/unity/build/Runtime/GfxDevice/opengles/GfxDeviceGLES.cpp Line: 270)

OPENGL NATIVE PLUG-IN ERROR: GL_INVALID_ENUM: enum argument out of range
 
(Filename: /home/builduser/buildslave/unity/build/Runtime/GfxDevice/opengles/GfxDeviceGLES.cpp Line: 270)

OPENGL NATIVE PLUG-IN ERROR: GL_INVALID_ENUM: enum argument out of range
 
(Filename: /home/builduser/buildslave/unity/build/Runtime/GfxDevice/opengles/GfxDeviceGLES.cpp Line: 270)

OPENGL NATIVE PLUG-IN ERROR: GL_INVALID_ENUM: enum argument out of range
 
(Filename: /home/builduser/buildslave/unity/build/Runtime/GfxDevice/opengles/GfxDeviceGLES.cpp Line: 270)

OPENGL NATIVE PLUG-IN ERROR: GL_INVALID_ENUM: enum argument out of range
 
(Filename: /home/builduser/buildslave/unity/build/Runtime/GfxDevice/opengles/GfxDeviceGLES.cpp Line: 270)

OPENGL NATIVE PLUG-IN ERROR: GL_INVALID_ENUM: enum argument out of range
 
(Filename: /home/builduser/buildslave/unity/build/Runtime/GfxDevice/opengles/GfxDeviceGLES.cpp Line: 270)

OPENGL NATIVE PLUG-IN ERROR: GL_INVALID_ENUM: enum argument out of range
 
(Filename: /home/builduser/buildslave/unity/build/Runtime/GfxDevice/opengles/GfxDeviceGLES.cpp Line: 270)

OPENGL NATIVE PLUG-IN ERROR: GL_INVALID_ENUM: enum argument out of range
 
(Filename: /home/builduser/buildslave/unity/build/Runtime/GfxDevice/opengles/GfxDeviceGLES.cpp Line: 270)

OPENGL NATIVE PLUG-IN ERROR: GL_INVALID_ENUM: enum argument out of range
 
(Filename: /home/builduser/buildslave/unity/build/Runtime/GfxDevice/opengles/GfxDeviceGLES.cpp Line: 270)

OPENGL NATIVE PLUG-IN ERROR: GL_INVALID_ENUM: enum argument out of range
 
(Filename: /home/builduser/buildslave/unity/build/Runtime/GfxDevice/opengles/GfxDeviceGLES.cpp Line: 270)

OPENGL NATIVE PLUG-IN ERROR: GL_INVALID_ENUM: enum argument out of range
 
(Filename: /home/builduser/buildslave/unity/build/Runtime/GfxDevice/opengles/GfxDeviceGLES.cpp Line: 270)

OPENGL NATIVE PLUG-IN ERROR: GL_INVALID_ENUM: enum argument out of range
 
(Filename: /home/builduser/buildslave/unity/build/Runtime/GfxDevice/opengles/GfxDeviceGLES.cpp Line: 270)

OPENGL NATIVE PLUG-IN ERROR: GL_INVALID_ENUM: enum argument out of range
 
(Filename: /home/builduser/buildslave/unity/build/Runtime/GfxDevice/opengles/GfxDeviceGLES.cpp Line: 270)

OPENGL NATIVE PLUG-IN ERROR: GL_INVALID_ENUM: enum argument out of range
 
(Filename: /home/builduser/buildslave/unity/build/Runtime/GfxDevice/opengles/GfxDeviceGLES.cpp Line: 270)

OPENGL NATIVE PLUG-IN ERROR: GL_INVALID_ENUM: enum argument out of range
 
(Filename: /home/builduser/buildslave/unity/build/Runtime/GfxDevice/opengles/GfxDeviceGLES.cpp Line: 270)

OPENGL NATIVE PLUG-IN ERROR: GL_INVALID_ENUM: enum argument out of range
 
(Filename: /home/builduser/buildslave/unity/build/Runtime/GfxDevice/opengles/GfxDeviceGLES.cpp Line: 270)

OPENGL NATIVE PLUG-IN ERROR: GL_INVALID_ENUM: enum argument out of range
 
(Filename: /home/builduser/buildslave/unity/build/Runtime/GfxDevice/opengles/GfxDeviceGLES.cpp Line: 270)

OPENGL NATIVE PLUG-IN ERROR: GL_INVALID_ENUM: enum argument out of range
 
(Filename: /home/builduser/buildslave/unity/build/Runtime/GfxDevice/opengles/GfxDeviceGLES.cpp Line: 270)

OPENGL NATIVE PLUG-IN ERROR: GL_INVALID_ENUM: enum argument out of range
 
(Filename: /home/builduser/buildslave/unity/build/Runtime/GfxDevice/opengles/GfxDeviceGLES.cpp Line: 270)

OPENGL NATIVE PLUG-IN ERROR: GL_INVALID_ENUM: enum argument out of range
 
(Filename: /home/builduser/buildslave/unity/build/Runtime/GfxDevice/opengles/GfxDeviceGLES.cpp Line: 270)

OPENGL NATIVE PLUG-IN ERROR: GL_INVALID_ENUM: enum argument out of range
 
(Filename: /home/builduser/buildslave/unity/build/Runtime/GfxDevice/opengles/GfxDeviceGLES.cpp Line: 270)

OPENGL NATIVE PLUG-IN ERROR: GL_INVALID_ENUM: enum argument out of range
 
(Filename: /home/builduser/buildslave/unity/build/Runtime/GfxDevice/opengles/GfxDeviceGLES.cpp Line: 270)

OPENGL NATIVE PLUG-IN ERROR: GL_INVALID_ENUM: enum argument out of range
 
(Filename: /home/builduser/buildslave/unity/build/Runtime/GfxDevice/opengles/GfxDeviceGLES.cpp Line: 270)

OPENGL NATIVE PLUG-IN ERROR: GL_INVALID_ENUM: enum argument out of range
 
(Filename: /home/builduser/buildslave/unity/build/Runtime/GfxDevice/opengles/GfxDeviceGLES.cpp Line: 270)

OPENGL NATIVE PLUG-IN ERROR: GL_INVALID_ENUM: enum argument out of range
 
(Filename: /home/builduser/buildslave/unity/build/Runtime/GfxDevice/opengles/GfxDeviceGLES.cpp Line: 270)

OPENGL NATIVE PLUG-IN ERROR: GL_INVALID_ENUM: enum argument out of range
 
(Filename: /home/builduser/buildslave/unity/build/Runtime/GfxDevice/opengles/GfxDeviceGLES.cpp Line: 270)

OPENGL NATIVE PLUG-IN ERROR: GL_INVALID_ENUM: enum argument out of range
 
(Filename: /home/builduser/buildslave/unity/build/Runtime/GfxDevice/opengles/GfxDeviceGLES.cpp Line: 270)

OPENGL NATIVE PLUG-IN ERROR: GL_INVALID_ENUM: enum argument out of range
 
(Filename: /home/builduser/buildslave/unity/build/Runtime/GfxDevice/opengles/GfxDeviceGLES.cpp Line: 270)

OPENGL NATIVE PLUG-IN ERROR: GL_INVALID_ENUM: enum argument out of range
 
(Filename: /home/builduser/buildslave/unity/build/Runtime/GfxDevice/opengles/GfxDeviceGLES.cpp Line: 270)

OPENGL NATIVE PLUG-IN ERROR: GL_INVALID_ENUM: enum argument out of range
 
(Filename: /home/builduser/buildslave/unity/build/Runtime/GfxDevice/opengles/GfxDeviceGLES.cpp Line: 270)

OPENGL NATIVE PLUG-IN ERROR: GL_INVALID_ENUM: enum argument out of range
 
(Filename: /home/builduser/buildslave/unity/build/Runtime/GfxDevice/opengles/GfxDeviceGLES.cpp Line: 270)

OPENGL NATIVE PLUG-IN ERROR: GL_INVALID_ENUM: enum argument out of range
 
(Filename: /home/builduser/buildslave/unity/build/Runtime/GfxDevice/opengles/GfxDeviceGLES.cpp Line: 270)

OPENGL NATIVE PLUG-IN ERROR: GL_INVALID_ENUM: enum argument out of range
 
(Filename: /home/builduser/buildslave/unity/build/Runtime/GfxDevice/opengles/GfxDeviceGLES.cpp Line: 270)

OPENGL NATIVE PLUG-IN ERROR: GL_INVALID_ENUM: enum argument out of range
 
(Filename: /home/builduser/buildslave/unity/build/Runtime/GfxDevice/opengles/GfxDeviceGLES.cpp Line: 270)

OPENGL NATIVE PLUG-IN ERROR: GL_INVALID_ENUM: enum argument out of range
 
(Filename: /home/builduser/buildslave/unity/build/Runtime/GfxDevice/opengles/GfxDeviceGLES.cpp Line: 270)

OPENGL NATIVE PLUG-IN ERROR: GL_INVALID_ENUM: enum argument out of range
 
(Filename: /home/builduser/buildslave/unity/build/Runtime/GfxDevice/opengles/GfxDeviceGLES.cpp Line: 270)

OPENGL NATIVE PLUG-IN ERROR: GL_INVALID_ENUM: enum argument out of range
 
(Filename: /home/builduser/buildslave/unity/build/Runtime/GfxDevice/opengles/GfxDeviceGLES.cpp Line: 270)

OPENGL NATIVE PLUG-IN ERROR: GL_INVALID_ENUM: enum argument out of range
 
(Filename: /home/builduser/buildslave/unity/build/Runtime/GfxDevice/opengles/GfxDeviceGLES.cpp Line: 270)

OPENGL NATIVE PLUG-IN ERROR: GL_INVALID_ENUM: enum argument out of range
 
(Filename: /home/builduser/buildslave/unity/build/Runtime/GfxDevice/opengles/GfxDeviceGLES.cpp Line: 270)

OPENGL NATIVE PLUG-IN ERROR: GL_INVALID_ENUM: enum argument out of range
 
(Filename: /home/builduser/buildslave/unity/build/Runtime/GfxDevice/opengles/GfxDeviceGLES.cpp Line: 270)

OPENGL NATIVE PLUG-IN ERROR: GL_INVALID_ENUM: enum argument out of range
 
(Filename: /home/builduser/buildslave/unity/build/Runtime/GfxDevice/opengles/GfxDeviceGLES.cpp Line: 270)

OPENGL NATIVE PLUG-IN ERROR: GL_INVALID_ENUM: enum argument out of range
 
(Filename: /home/builduser/buildslave/unity/build/Runtime/GfxDevice/opengles/GfxDeviceGLES.cpp Line: 270)

OPENGL NATIVE PLUG-IN ERROR: GL_INVALID_ENUM: enum argument out of range
 
(Filename: /home/builduser/buildslave/unity/build/Runtime/GfxDevice/opengles/GfxDeviceGLES.cpp Line: 270)

OPENGL NATIVE PLUG-IN ERROR: GL_INVALID_ENUM: enum argument out of range
 
(Filename: /home/builduser/buildslave/unity/build/Runtime/GfxDevice/opengles/GfxDeviceGLES.cpp Line: 270)

OPENGL NATIVE PLUG-IN ERROR: GL_INVALID_ENUM: enum argument out of range
 
(Filename: /home/builduser/buildslave/unity/build/Runtime/GfxDevice/opengles/GfxDeviceGLES.cpp Line: 270)

OPENGL NATIVE PLUG-IN ERROR: GL_INVALID_ENUM: enum argument out of range
 
(Filename: /home/builduser/buildslave/unity/build/Runtime/GfxDevice/opengles/GfxDeviceGLES.cpp Line: 270)

OPENGL NATIVE PLUG-IN ERROR: GL_INVALID_ENUM: enum argument out of range
 
(Filename: /home/builduser/buildslave/unity/build/Runtime/GfxDevice/opengles/GfxDeviceGLES.cpp Line: 270)

OPENGL NATIVE PLUG-IN ERROR: GL_INVALID_ENUM: enum argument out of range
 
(Filename: /home/builduser/buildslave/unity/build/Runtime/GfxDevice/opengles/GfxDeviceGLES.cpp Line: 270)

OPENGL NATIVE PLUG-IN ERROR: GL_INVALID_ENUM: enum argument out of range
 
(Filename: /home/builduser/buildslave/unity/build/Runtime/GfxDevice/opengles/GfxDeviceGLES.cpp Line: 270)

OPENGL NATIVE PLUG-IN ERROR: GL_INVALID_ENUM: enum argument out of range
 
(Filename: /home/builduser/buildslave/unity/build/Runtime/GfxDevice/opengles/GfxDeviceGLES.cpp Line: 270)

OPENGL NATIVE PLUG-IN ERROR: GL_INVALID_ENUM: enum argument out of range
 
(Filename: /home/builduser/buildslave/unity/build/Runtime/GfxDevice/opengles/GfxDeviceGLES.cpp Line: 270)

OPENGL NATIVE PLUG-IN ERROR: GL_INVALID_ENUM: enum argument out of range
 
(Filename: /home/builduser/buildslave/unity/build/Runtime/GfxDevice/opengles/GfxDeviceGLES.cpp Line: 270)

OPENGL NATIVE PLUG-IN ERROR: GL_INVALID_ENUM: enum argument out of range
 
(Filename: /home/builduser/buildslave/unity/build/Runtime/GfxDevice/opengles/GfxDeviceGLES.cpp Line: 270)

OPENGL NATIVE PLUG-IN ERROR: GL_INVALID_ENUM: enum argument out of range
 
(Filename: /home/builduser/buildslave/unity/build/Runtime/GfxDevice/opengles/GfxDeviceGLES.cpp Line: 270)

OPENGL NATIVE PLUG-IN ERROR: GL_INVALID_ENUM: enum argument out of range
 
(Filename: /home/builduser/buildslave/unity/build/Runtime/GfxDevice/opengles/GfxDeviceGLES.cpp Line: 270)

OPENGL NATIVE PLUG-IN ERROR: GL_INVALID_ENUM: enum argument out of range
 
(Filename: /home/builduser/buildslave/unity/build/Runtime/GfxDevice/opengles/GfxDeviceGLES.cpp Line: 270)

OPENGL NATIVE PLUG-IN ERROR: GL_INVALID_ENUM: enum argument out of range
 
(Filename: /home/builduser/buildslave/unity/build/Runtime/GfxDevice/opengles/GfxDeviceGLES.cpp Line: 270)

OPENGL NATIVE PLUG-IN ERROR: GL_INVALID_ENUM: enum argument out of range
 
(Filename: /home/builduser/buildslave/unity/build/Runtime/GfxDevice/opengles/GfxDeviceGLES.cpp Line: 270)

Unloading 4 Unused Serialized files (Serialized files now loaded: 0)
UnloadTime: 2.986000 ms

Unloading 12 unused Assets to reduce memory usage. Loaded Objects now: 19018.
Total: 31.170000 ms (FindLiveObjects: 0.869000 ms CreateObjectMapping: 1.659000 ms MarkObjects: 28.310999 ms  DeleteObjects: 0.330000 ms)

Starting CAPT version: 1.1
 
(Filename: /home/builduser/buildslave/unity/build/artifacts/generated/common/runtime/UnityEngineDebugBindings.gen.cpp Line: 42)

Platform assembly: /home/tom1/.local/share/Steam/steamapps/common/Shadow Tactics/Shadow Tactics_Data/Managed/Mono.Security.dll (this message is harmless)
requesting resize 1920 x 1080
Using native desktop resolution 3200 x 1080
Clamping fullscreen resolution to 1920 x 1080
requesting fullscreen 1920 x 1080 at 60 Hz
Desktop is 3200 x 1080 @ 60 Hz
Fallback handler could not load library /home/tom1/.local/share/Steam/steamapps/common/Shadow Tactics/Shadow Tactics_Data/Mono/x86/lib/System/Library/Frameworks/Security.framework/Security.so
Fallback handler could not load library /home/tom1/.local/share/Steam/steamapps/common/Shadow Tactics/Shadow Tactics_Data/Mono/x86/.//System/Library/Frameworks/Security.framework/Security
Fallback handler could not load library /home/tom1/.local/share/Steam/steamapps/common/Shadow Tactics/Shadow Tactics_Data/Mono/x86/./lib/System/Library/Frameworks/Security.framework/Security.so
Fallback handler could not load library /home/tom1/.local/share/Steam/steamapps/common/Shadow Tactics/Shadow Tactics_Data/Mono/x86/lib/System/Library/Frameworks/Security.framework/Security
Fallback handler could not load library /home/tom1/.local/share/Steam/steamapps/common/Shadow Tactics/Shadow Tactics_Data/Mono/x86/lib/System/Library/Frameworks/Security.framework/Security.so
Fallback handler could not load library /home/tom1/.local/share/Steam/steamapps/common/Shadow Tactics/Shadow Tactics_Data/Mono/x86/./lib/System/Library/Frameworks/Security.framework/Security
Fallback handler could not load library /home/tom1/.local/share/Steam/steamapps/common/Shadow Tactics/Shadow Tactics_Data/Mono/x86/./lib/System/Library/Frameworks/Security.framework/Security.so
Fallback handler could not load library /home/tom1/.local/share/Steam/steamapps/common/Shadow Tactics/Shadow Tactics_Data/Mono/x86/lib/System/Library/Frameworks/Security.framework/Security
Fallback handler could not load library /home/tom1/.local/share/Steam/steamapps/common/Shadow Tactics/Shadow Tactics_Data/Mono/x86/lib/System/Library/Frameworks/Security.framework/Security.so
Fallback handler could not load library /home/tom1/.local/share/Steam/steamapps/common/Shadow Tactics/Shadow Tactics_Data/Mono/x86/.//System/Library/Frameworks/Security.framework/Security
Fallback handler could not load library /home/tom1/.local/share/Steam/steamapps/common/Shadow Tactics/Shadow Tactics_Data/Mono/x86/./lib/System/Library/Frameworks/Security.framework/Security.so
Fallback handler could not load library /home/tom1/.local/share/Steam/steamapps/common/Shadow Tactics/Shadow Tactics_Data/Mono/x86/lib/System/Library/Frameworks/Security.framework/Security
Fallback handler could not load library /home/tom1/.local/share/Steam/steamapps/common/Shadow Tactics/Shadow Tactics_Data/Mono/x86/lib/System/Library/Frameworks/Security.framework/Security.so
Fallback handler could not load library /home/tom1/.local/share/Steam/steamapps/common/Shadow Tactics/Shadow Tactics_Data/Mono/x86/./lib/System/Library/Frameworks/Security.framework/Security
Fallback handler could not load library /home/tom1/.local/share/Steam/steamapps/common/Shadow Tactics/Shadow Tactics_Data/Mono/x86/./lib/System/Library/Frameworks/Security.framework/Security.so
Fallback handler could not load library /home/tom1/.local/share/Steam/steamapps/common/Shadow Tactics/Shadow Tactics_Data/Mono/x86/lib/System/Library/Frameworks/Security.framework/Security
UserManager - Sign in.
 
(Filename: /home/builduser/buildslave/unity/build/artifacts/generated/common/runtime/UnityEngineDebugBindings.gen.cpp Line: 42)

UserManager.OnSignedIn - userId: 0
 
(Filename: /home/builduser/buildslave/unity/build/artifacts/generated/common/runtime/UnityEngineDebugBindings.gen.cpp Line: 42)

StorageManager - Storage initialized.
 
(Filename: /home/builduser/buildslave/unity/build/artifacts/generated/common/runtime/UnityEngineDebugBindings.gen.cpp Line: 42)

MiConsoleUserManager - onStorageInitialized: Storage for user with id 0 initialized, waiting for save files
 
(Filename: /home/builduser/buildslave/unity/build/artifacts/generated/common/runtime/UnityEngineDebugBindings.gen.cpp Line: 42)

MiConsoleUserManager - initialUserStorageInitialized: User id 0
 
(Filename: /home/builduser/buildslave/unity/build/artifacts/generated/common/runtime/UnityEngineDebugBindings.gen.cpp Line: 42)

requesting resize 1920 x 1080
Using native desktop resolution 3200 x 1080
Clamping fullscreen resolution to 1920 x 1080
requesting fullscreen 1920 x 1080 at 60 Hz
Desktop is 3200 x 1080 @ 60 Hz
##### Load Level: lvl_snow_city Memory: 0 Mono: 0 #####
 
(Filename: /home/builduser/buildslave/unity/build/artifacts/generated/common/runtime/UnityEngineDebugBindings.gen.cpp Line: 42)

Unloading 21 Unused Serialized files (Serialized files now loaded: 0)
UnloadTime: 28.587000 ms
GfxDevice: creating device client; threaded=1
GfxDevice: creating device client; threaded=1

Unloading 238 unused Assets to reduce memory usage. Loaded Objects now: 147650.
Total: 172.289993 ms (FindLiveObjects: 14.212000 ms CreateObjectMapping: 8.999001 ms MarkObjects: 98.483002 ms  DeleteObjects: 50.596001 ms)

Unloading 1 Unused Serialized files (Serialized files now loaded: 0)
GfxDevice: creating device client; threaded=1
GfxDevice: creating device client; threaded=1

Unloading 3 unused Assets to reduce memory usage. Loaded Objects now: 152039.
Total: 88.178001 ms (FindLiveObjects: 8.070001 ms CreateObjectMapping: 4.256000 ms MarkObjects: 75.754997 ms  DeleteObjects: 0.096000 ms)

PresenceManager - Set presence to CurrentLevelAndDifficulty.
 
(Filename: /home/builduser/buildslave/unity/build/artifacts/generated/common/runtime/UnityEngineDebugBindings.gen.cpp Line: 42)

requesting resize 1920 x 1080
Using native desktop resolution 3200 x 1080
Clamping fullscreen resolution to 1920 x 1080
requesting fullscreen 1920 x 1080 at 60 Hz
Desktop is 3200 x 1080 @ 60 Hz
GfxDevice: creating device client; threaded=1
GfxDevice: creating device client; threaded=1
GfxDevice: creating device client; threaded=1
GfxDevice: creating device client; threaded=1
GfxDevice: creating device client; threaded=1
GfxDevice: creating device client; threaded=1
GfxDevice: creating device client; threaded=1
SAVE: createValueTypeData t: 0.6538086 f: 38408
 
(Filename: /home/builduser/buildslave/unity/build/artifacts/generated/common/runtime/UnityEngineDebugBindings.gen.cpp Line: 42)

SAVED t: 0.6914215 write: 0.003768921
 
(Filename: /home/builduser/buildslave/unity/build/artifacts/generated/common/runtime/UnityEngineDebugBindings.gen.cpp Line: 42)

Async Save Operation Finished
 
(Filename: /home/builduser/buildslave/unity/build/artifacts/generated/common/runtime/UnityEngineDebugBindings.gen.cpp Line: 42)

SAVE: createValueTypeData t: 0.287323 f: 48279
 
(Filename: /home/builduser/buildslave/unity/build/artifacts/generated/common/runtime/UnityEngineDebugBindings.gen.cpp Line: 42)

SAVED t: 0.3514099 write: 0.002441406
 
(Filename: /home/builduser/buildslave/unity/build/artifacts/generated/common/runtime/UnityEngineDebugBindings.gen.cpp Line: 42)

Async Save Operation Finished
 
(Filename: /home/builduser/buildslave/unity/build/artifacts/generated/common/runtime/UnityEngineDebugBindings.gen.cpp Line: 42)

SAVE: createValueTypeData t: 0.2781677 f: 57938
 
(Filename: /home/builduser/buildslave/unity/build/artifacts/generated/common/runtime/UnityEngineDebugBindings.gen.cpp Line: 42)

SAVED t: 0.322998 write: 0.002319336
 
(Filename: /home/builduser/buildslave/unity/build/artifacts/generated/common/runtime/UnityEngineDebugBindings.gen.cpp Line: 42)

Async Save Operation Finished
 
(Filename: /home/builduser/buildslave/unity/build/artifacts/generated/common/runtime/UnityEngineDebugBindings.gen.cpp Line: 42)

LOADED t: 0.9895935 f: 59993 Memory: 0 Mono: 0
 
(Filename: /home/builduser/buildslave/unity/build/artifacts/generated/common/runtime/UnityEngineDebugBindings.gen.cpp Line: 42)

LOADED t: 0.665741 f: 69033 Memory: 0 Mono: 0
 
(Filename: /home/builduser/buildslave/unity/build/artifacts/generated/common/runtime/UnityEngineDebugBindings.gen.cpp Line: 42)

SAVE: createValueTypeData t: 0.3032532 f: 71709
 
(Filename: /home/builduser/buildslave/unity/build/artifacts/generated/common/runtime/UnityEngineDebugBindings.gen.cpp Line: 42)

SAVED t: 0.3504333 write: 0.002258301
 
(Filename: /home/builduser/buildslave/unity/build/artifacts/generated/common/runtime/UnityEngineDebugBindings.gen.cpp Line: 42)

Async Save Operation Finished
 
(Filename: /home/builduser/buildslave/unity/build/artifacts/generated/common/runtime/UnityEngineDebugBindings.gen.cpp Line: 42)

SAVE: createValueTypeData t: 0.2813416 f: 73939
 
(Filename: /home/builduser/buildslave/unity/build/artifacts/generated/common/runtime/UnityEngineDebugBindings.gen.cpp Line: 42)

SAVED t: 0.3362732 write: 0.002380371
 
(Filename: /home/builduser/buildslave/unity/build/artifacts/generated/common/runtime/UnityEngineDebugBindings.gen.cpp Line: 42)

Async Save Operation Finished
 
(Filename: /home/builduser/buildslave/unity/build/artifacts/generated/common/runtime/UnityEngineDebugBindings.gen.cpp Line: 42)

LOADED t: 0.6152344 f: 77732 Memory: 0 Mono: 0
 
(Filename: /home/builduser/buildslave/unity/build/artifacts/generated/common/runtime/UnityEngineDebugBindings.gen.cpp Line: 42)

LOADED t: 0.6299744 f: 80497 Memory: 0 Mono: 0
 
(Filename: /home/builduser/buildslave/unity/build/artifacts/generated/common/runtime/UnityEngineDebugBindings.gen.cpp Line: 42)

SAVE: createValueTypeData t: 0.3002625 f: 81451
 
(Filename: /home/builduser/buildslave/unity/build/artifacts/generated/common/runtime/UnityEngineDebugBindings.gen.cpp Line: 42)

SAVED t: 0.3590393 write: 0.002990723
 
(Filename: /home/builduser/buildslave/unity/build/artifacts/generated/common/runtime/UnityEngineDebugBindings.gen.cpp Line: 42)

Async Save Operation Finished
 
(Filename: /home/builduser/buildslave/unity/build/artifacts/generated/common/runtime/UnityEngineDebugBindings.gen.cpp Line: 42)

LOADED t: 0.6473694 f: 85638 Memory: 0 Mono: 0
 
(Filename: /home/builduser/buildslave/unity/build/artifacts/generated/common/runtime/UnityEngineDebugBindings.gen.cpp Line: 42)

LOADED t: 0.6577759 f: 101180 Memory: 0 Mono: 0
 
(Filename: /home/builduser/buildslave/unity/build/artifacts/generated/common/runtime/UnityEngineDebugBindings.gen.cpp Line: 42)

Look rotation viewing vector is zero
 
(Filename:  Line: 82)

SAVE: createValueTypeData t: 0.3175049 f: 106824
 
(Filename: /home/builduser/buildslave/unity/build/artifacts/generated/common/runtime/UnityEngineDebugBindings.gen.cpp Line: 42)

SAVED t: 0.3631592 write: 0.002502441
 
(Filename: /home/builduser/buildslave/unity/build/artifacts/generated/common/runtime/UnityEngineDebugBindings.gen.cpp Line: 42)

Async Save Operation Finished
 
(Filename: /home/builduser/buildslave/unity/build/artifacts/generated/common/runtime/UnityEngineDebugBindings.gen.cpp Line: 42)

SAVE: createValueTypeData t: 0.2953491 f: 115340
 
(Filename: /home/builduser/buildslave/unity/build/artifacts/generated/common/runtime/UnityEngineDebugBindings.gen.cpp Line: 42)

SAVED t: 0.3492432 write: 0.003112793
 
(Filename: /home/builduser/buildslave/unity/build/artifacts/generated/common/runtime/UnityEngineDebugBindings.gen.cpp Line: 42)

Async Save Operation Finished
 
(Filename: /home/builduser/buildslave/unity/build/artifacts/generated/common/runtime/UnityEngineDebugBindings.gen.cpp Line: 42)

SAVE: createValueTypeData t: 0.3022461 f: 128464
 
(Filename: /home/builduser/buildslave/unity/build/artifacts/generated/common/runtime/UnityEngineDebugBindings.gen.cpp Line: 42)

SAVED t: 0.3690186 write: 0.002441406
 
(Filename: /home/builduser/buildslave/unity/build/artifacts/generated/common/runtime/UnityEngineDebugBindings.gen.cpp Line: 42)

Async Save Operation Finished
 
(Filename: /home/builduser/buildslave/unity/build/artifacts/generated/common/runtime/UnityEngineDebugBindings.gen.cpp Line: 42)

SAVE: createValueTypeData t: 0.2993774 f: 131066
 
(Filename: /home/builduser/buildslave/unity/build/artifacts/generated/common/runtime/UnityEngineDebugBindings.gen.cpp Line: 42)

SAVED t: 0.3597412 write: 0.002746582
 
(Filename: /home/builduser/buildslave/unity/build/artifacts/generated/common/runtime/UnityEngineDebugBindings.gen.cpp Line: 42)

Async Save Operation Finished
 
(Filename: /home/builduser/buildslave/unity/build/artifacts/generated/common/runtime/UnityEngineDebugBindings.gen.cpp Line: 42)

GfxDevice: creating device client; threaded=1
SAVE: createValueTypeData t: 0.3063965 f: 140697
 
(Filename: /home/builduser/buildslave/unity/build/artifacts/generated/common/runtime/UnityEngineDebugBindings.gen.cpp Line: 42)

SAVED t: 0.3731689 write: 0.003662109
 
(Filename: /home/builduser/buildslave/unity/build/artifacts/generated/common/runtime/UnityEngineDebugBindings.gen.cpp Line: 42)

Async Save Operation Finished
 
(Filename: /home/builduser/buildslave/unity/build/artifacts/generated/common/runtime/UnityEngineDebugBindings.gen.cpp Line: 42)

SAVE: createValueTypeData t: 0.2943115 f: 141758
 
(Filename: /home/builduser/buildslave/unity/build/artifacts/generated/common/runtime/UnityEngineDebugBindings.gen.cpp Line: 42)

SAVED t: 0.3348389 write: 0.002563477
 
(Filename: /home/builduser/buildslave/unity/build/artifacts/generated/common/runtime/UnityEngineDebugBindings.gen.cpp Line: 42)

Async Save Operation Finished
 
(Filename: /home/builduser/buildslave/unity/build/artifacts/generated/common/runtime/UnityEngineDebugBindings.gen.cpp Line: 42)

LOADED t: 0.7064819 f: 146309 Memory: 0 Mono: 0
 
(Filename: /home/builduser/buildslave/unity/build/artifacts/generated/common/runtime/UnityEngineDebugBindings.gen.cpp Line: 42)

LOADED t: 0.7015991 f: 148111 Memory: 0 Mono: 0
 
(Filename: /home/builduser/buildslave/unity/build/artifacts/generated/common/runtime/UnityEngineDebugBindings.gen.cpp Line: 42)

LOADED t: 0.6894531 f: 152830 Memory: 0 Mono: 0
 
(Filename: /home/builduser/buildslave/unity/build/artifacts/generated/common/runtime/UnityEngineDebugBindings.gen.cpp Line: 42)

SAVE: createValueTypeData t: 0.3196411 f: 153141
 
(Filename: /home/builduser/buildslave/unity/build/artifacts/generated/common/runtime/UnityEngineDebugBindings.gen.cpp Line: 42)

SAVED t: 0.3600464 write: 0.002868652
 
(Filename: /home/builduser/buildslave/unity/build/artifacts/generated/common/runtime/UnityEngineDebugBindings.gen.cpp Line: 42)

Async Save Operation Finished
 
(Filename: /home/builduser/buildslave/unity/build/artifacts/generated/common/runtime/UnityEngineDebugBindings.gen.cpp Line: 42)

GfxDevice: creating device client; threaded=1
SAVE: createValueTypeData t: 0.3140869 f: 163408
 
(Filename: /home/builduser/buildslave/unity/build/artifacts/generated/common/runtime/UnityEngineDebugBindings.gen.cpp Line: 42)

SAVED t: 0.355957 write: 0.004150391
 
(Filename: /home/builduser/buildslave/unity/build/artifacts/generated/common/runtime/UnityEngineDebugBindings.gen.cpp Line: 42)

Async Save Operation Finished
 
(Filename: /home/builduser/buildslave/unity/build/artifacts/generated/common/runtime/UnityEngineDebugBindings.gen.cpp Line: 42)

LOADED t: 0.7304688 f: 171146 Memory: 0 Mono: 0
 
(Filename: /home/builduser/buildslave/unity/build/artifacts/generated/common/runtime/UnityEngineDebugBindings.gen.cpp Line: 42)

SAVE: createValueTypeData t: 0.3226318 f: 176659
 
(Filename: /home/builduser/buildslave/unity/build/artifacts/generated/common/runtime/UnityEngineDebugBindings.gen.cpp Line: 42)

SAVED t: 0.3713379 write: 0.002685547
 
(Filename: /home/builduser/buildslave/unity/build/artifacts/generated/common/runtime/UnityEngineDebugBindings.gen.cpp Line: 42)

Async Save Operation Finished
 
(Filename: /home/builduser/buildslave/unity/build/artifacts/generated/common/runtime/UnityEngineDebugBindings.gen.cpp Line: 42)

SAVE: createValueTypeData t: 0.3144531 f: 181322
 
(Filename: /home/builduser/buildslave/unity/build/artifacts/generated/common/runtime/UnityEngineDebugBindings.gen.cpp Line: 42)

SAVED t: 0.3731689 write: 0.002319336
 
(Filename: /home/builduser/buildslave/unity/build/artifacts/generated/common/runtime/UnityEngineDebugBindings.gen.cpp Line: 42)

Async Save Operation Finished
 
(Filename: /home/builduser/buildslave/unity/build/artifacts/generated/common/runtime/UnityEngineDebugBindings.gen.cpp Line: 42)

SAVE: createValueTypeData t: 0.3123779 f: 189158
 
(Filename: /home/builduser/buildslave/unity/build/artifacts/generated/common/runtime/UnityEngineDebugBindings.gen.cpp Line: 42)

SAVED t: 0.3881836 write: 0.002563477
 
(Filename: /home/builduser/buildslave/unity/build/artifacts/generated/common/runtime/UnityEngineDebugBindings.gen.cpp Line: 42)

Async Save Operation Finished
 
(Filename: /home/builduser/buildslave/unity/build/artifacts/generated/common/runtime/UnityEngineDebugBindings.gen.cpp Line: 42)

LOADED t: 0.7501221 f: 191896 Memory: 0 Mono: 0
 
(Filename: /home/builduser/buildslave/unity/build/artifacts/generated/common/runtime/UnityEngineDebugBindings.gen.cpp Line: 42)

SAVE: createValueTypeData t: 0.3428955 f: 195860
 
(Filename: /home/builduser/buildslave/unity/build/artifacts/generated/common/runtime/UnityEngineDebugBindings.gen.cpp Line: 42)

SAVED t: 0.4112549 write: 0.003417969
 
(Filename: /home/builduser/buildslave/unity/build/artifacts/generated/common/runtime/UnityEngineDebugBindings.gen.cpp Line: 42)

Async Save Operation Finished
 
(Filename: /home/builduser/buildslave/unity/build/artifacts/generated/common/runtime/UnityEngineDebugBindings.gen.cpp Line: 42)

LOADED t: 0.7337646 f: 200833 Memory: 0 Mono: 0
 
(Filename: /home/builduser/buildslave/unity/build/artifacts/generated/common/runtime/UnityEngineDebugBindings.gen.cpp Line: 42)

SAVE: createValueTypeData t: 0.3468018 f: 203612
 
(Filename: /home/builduser/buildslave/unity/build/artifacts/generated/common/runtime/UnityEngineDebugBindings.gen.cpp Line: 42)

SAVED t: 0.4119873 write: 0.003540039
 
(Filename: /home/builduser/buildslave/unity/build/artifacts/generated/common/runtime/UnityEngineDebugBindings.gen.cpp Line: 42)

Async Save Operation Finished
 
(Filename: /home/builduser/buildslave/unity/build/artifacts/generated/common/runtime/UnityEngineDebugBindings.gen.cpp Line: 42)

SAVE: createValueTypeData t: 0.3210449 f: 206755
 
(Filename: /home/builduser/buildslave/unity/build/artifacts/generated/common/runtime/UnityEngineDebugBindings.gen.cpp Line: 42)

SAVED t: 0.3978271 write: 0.002319336
 
(Filename: /home/builduser/buildslave/unity/build/artifacts/generated/common/runtime/UnityEngineDebugBindings.gen.cpp Line: 42)

Async Save Operation Finished
 
(Filename: /home/builduser/buildslave/unity/build/artifacts/generated/common/runtime/UnityEngineDebugBindings.gen.cpp Line: 42)

SAVE: createValueTypeData t: 0.3250732 f: 210176
 
(Filename: /home/builduser/buildslave/unity/build/artifacts/generated/common/runtime/UnityEngineDebugBindings.gen.cpp Line: 42)

SAVED t: 0.3930664 write: 0.003173828
 
(Filename: /home/builduser/buildslave/unity/build/artifacts/generated/common/runtime/UnityEngineDebugBindings.gen.cpp Line: 42)

Async Save Operation Finished
 
(Filename: /home/builduser/buildslave/unity/build/artifacts/generated/common/runtime/UnityEngineDebugBindings.gen.cpp Line: 42)

LOADED t: 0.7578125 f: 222403 Memory: 0 Mono: 0
 
(Filename: /home/builduser/buildslave/unity/build/artifacts/generated/common/runtime/UnityEngineDebugBindings.gen.cpp Line: 42)

SAVE: createValueTypeData t: 0.3425293 f: 230185
 
(Filename: /home/builduser/buildslave/unity/build/artifacts/generated/common/runtime/UnityEngineDebugBindings.gen.cpp Line: 42)

SAVED t: 0.3883057 write: 0.002929688
 
(Filename: /home/builduser/buildslave/unity/build/artifacts/generated/common/runtime/UnityEngineDebugBindings.gen.cpp Line: 42)

Async Save Operation Finished
 
(Filename: /home/builduser/buildslave/unity/build/artifacts/generated/common/runtime/UnityEngineDebugBindings.gen.cpp Line: 42)

LOADED t: 0.7340088 f: 236156 Memory: 0 Mono: 0
 
(Filename: /home/builduser/buildslave/unity/build/artifacts/generated/common/runtime/UnityEngineDebugBindings.gen.cpp Line: 42)

SAVE: createValueTypeData t: 0.3358154 f: 237386
 
(Filename: /home/builduser/buildslave/unity/build/artifacts/generated/common/runtime/UnityEngineDebugBindings.gen.cpp Line: 42)

SAVED t: 0.3831787 write: 0.002441406
 
(Filename: /home/builduser/buildslave/unity/build/artifacts/generated/common/runtime/UnityEngineDebugBindings.gen.cpp Line: 42)

Async Save Operation Finished
 
(Filename: /home/builduser/buildslave/unity/build/artifacts/generated/common/runtime/UnityEngineDebugBindings.gen.cpp Line: 42)

LOADED t: 0.7182617 f: 241259 Memory: 0 Mono: 0
 
(Filename: /home/builduser/buildslave/unity/build/artifacts/generated/common/runtime/UnityEngineDebugBindings.gen.cpp Line: 42)

SAVE: createValueTypeData t: 0.352417 f: 248851
 
(Filename: /home/builduser/buildslave/unity/build/artifacts/generated/common/runtime/UnityEngineDebugBindings.gen.cpp Line: 42)

SAVED t: 0.4121094 write: 0.002807617
 
(Filename: /home/builduser/buildslave/unity/build/artifacts/generated/common/runtime/UnityEngineDebugBindings.gen.cpp Line: 42)

Async Save Operation Finished
 
(Filename: /home/builduser/buildslave/unity/build/artifacts/generated/common/runtime/UnityEngineDebugBindings.gen.cpp Line: 42)

SAVE: createValueTypeData t: 0.3273926 f: 256939
 
(Filename: /home/builduser/buildslave/unity/build/artifacts/generated/common/runtime/UnityEngineDebugBindings.gen.cpp Line: 42)

SAVED t: 0.380127 write: 0.003173828
 
(Filename: /home/builduser/buildslave/unity/build/artifacts/generated/common/runtime/UnityEngineDebugBindings.gen.cpp Line: 42)

Async Save Operation Finished
 
(Filename: /home/builduser/buildslave/unity/build/artifacts/generated/common/runtime/UnityEngineDebugBindings.gen.cpp Line: 42)

SAVE: createValueTypeData t: 0.3198242 f: 264732
 
(Filename: /home/builduser/buildslave/unity/build/artifacts/generated/common/runtime/UnityEngineDebugBindings.gen.cpp Line: 42)

SAVED t: 0.3651123 write: 0.003295898
 
(Filename: /home/builduser/buildslave/unity/build/artifacts/generated/common/runtime/UnityEngineDebugBindings.gen.cpp Line: 42)

Async Save Operation Finished
 
(Filename: /home/builduser/buildslave/unity/build/artifacts/generated/common/runtime/UnityEngineDebugBindings.gen.cpp Line: 42)

SAVE: createValueTypeData t: 0.3266602 f: 266781
 
(Filename: /home/builduser/buildslave/unity/build/artifacts/generated/common/runtime/UnityEngineDebugBindings.gen.cpp Line: 42)

SAVED t: 0.3939209 write: 0.002563477
 
(Filename: /home/builduser/buildslave/unity/build/artifacts/generated/common/runtime/UnityEngineDebugBindings.gen.cpp Line: 42)

Async Save Operation Finished
 
(Filename: /home/builduser/buildslave/unity/build/artifacts/generated/common/runtime/UnityEngineDebugBindings.gen.cpp Line: 42)

SAVE: createValueTypeData t: 0.321167 f: 270465
 
(Filename: /home/builduser/buildslave/unity/build/artifacts/generated/common/runtime/UnityEngineDebugBindings.gen.cpp Line: 42)

SAVED t: 0.3839111 write: 0.002441406
 
(Filename: /home/builduser/buildslave/unity/build/artifacts/generated/common/runtime/UnityEngineDebugBindings.gen.cpp Line: 42)

Async Save Operation Finished
 
(Filename: /home/builduser/buildslave/unity/build/artifacts/generated/common/runtime/UnityEngineDebugBindings.gen.cpp Line: 42)

SAVE: createValueTypeData t: 0.3342285 f: 275165
 
(Filename: /home/builduser/buildslave/unity/build/artifacts/generated/common/runtime/UnityEngineDebugBindings.gen.cpp Line: 42)

SAVED t: 0.3881836 write: 0.002685547
 
(Filename: /home/builduser/buildslave/unity/build/artifacts/generated/common/runtime/UnityEngineDebugBindings.gen.cpp Line: 42)

Async Save Operation Finished
 
(Filename: /home/builduser/buildslave/unity/build/artifacts/generated/common/runtime/UnityEngineDebugBindings.gen.cpp Line: 42)

LOADED t: 0.7648926 f: 277267 Memory: 0 Mono: 0
 
(Filename: /home/builduser/buildslave/unity/build/artifacts/generated/common/runtime/UnityEngineDebugBindings.gen.cpp Line: 42)

SAVE: createValueTypeData t: 0.3602295 f: 281008
 
(Filename: /home/builduser/buildslave/unity/build/artifacts/generated/common/runtime/UnityEngineDebugBindings.gen.cpp Line: 42)

SAVED t: 0.4179688 write: 0.002319336
 
(Filename: /home/builduser/buildslave/unity/build/artifacts/generated/common/runtime/UnityEngineDebugBindings.gen.cpp Line: 42)

Async Save Operation Finished
 
(Filename: /home/builduser/buildslave/unity/build/artifacts/generated/common/runtime/UnityEngineDebugBindings.gen.cpp Line: 42)

SAVE: createValueTypeData t: 0.3349609 f: 285435
 
(Filename: /home/builduser/buildslave/unity/build/artifacts/generated/common/runtime/UnityEngineDebugBindings.gen.cpp Line: 42)

SAVED t: 0.4035645 write: 0.002929688
 
(Filename: /home/builduser/buildslave/unity/build/artifacts/generated/common/runtime/UnityEngineDebugBindings.gen.cpp Line: 42)

Async Save Operation Finished
 
(Filename: /home/builduser/buildslave/unity/build/artifacts/generated/common/runtime/UnityEngineDebugBindings.gen.cpp Line: 42)

SAVE: createValueTypeData t: 0.3400879 f: 290415
 
(Filename: /home/builduser/buildslave/unity/build/artifacts/generated/common/runtime/UnityEngineDebugBindings.gen.cpp Line: 42)

SAVED t: 0.4023438 write: 0.003662109
 
(Filename: /home/builduser/buildslave/unity/build/artifacts/generated/common/runtime/UnityEngineDebugBindings.gen.cpp Line: 42)

Async Save Operation Finished
 
(Filename: /home/builduser/buildslave/unity/build/artifacts/generated/common/runtime/UnityEngineDebugBindings.gen.cpp Line: 42)

SAVE: createValueTypeData t: 0.3220215 f: 294800
 
(Filename: /home/builduser/buildslave/unity/build/artifacts/generated/common/runtime/UnityEngineDebugBindings.gen.cpp Line: 42)

SAVED t: 0.3916016 write: 0.002441406
 
(Filename: /home/builduser/buildslave/unity/build/artifacts/generated/common/runtime/UnityEngineDebugBindings.gen.cpp Line: 42)

Async Save Operation Finished
 
(Filename: /home/builduser/buildslave/unity/build/artifacts/generated/common/runtime/UnityEngineDebugBindings.gen.cpp Line: 42)

GfxDevice: creating device client; threaded=1
SAVE: createValueTypeData t: 0.3413086 f: 303488
 
(Filename: /home/builduser/buildslave/unity/build/artifacts/generated/common/runtime/UnityEngineDebugBindings.gen.cpp Line: 42)

SAVED t: 0.409668 write: 0.002685547
 
(Filename: /home/builduser/buildslave/unity/build/artifacts/generated/common/runtime/UnityEngineDebugBindings.gen.cpp Line: 42)

Async Save Operation Finished
 
(Filename: /home/builduser/buildslave/unity/build/artifacts/generated/common/runtime/UnityEngineDebugBindings.gen.cpp Line: 42)

SAVE: createValueTypeData t: 0.3190918 f: 305937
 
(Filename: /home/builduser/buildslave/unity/build/artifacts/generated/common/runtime/UnityEngineDebugBindings.gen.cpp Line: 42)

SAVED t: 0.3720703 write: 0.003417969
 
(Filename: /home/builduser/buildslave/unity/build/artifacts/generated/common/runtime/UnityEngineDebugBindings.gen.cpp Line: 42)

Async Save Operation Finished
 
(Filename: /home/builduser/buildslave/unity/build/artifacts/generated/common/runtime/UnityEngineDebugBindings.gen.cpp Line: 42)

LOADED t: 0.7033691 f: 308784 Memory: 0 Mono: 0
 
(Filename: /home/builduser/buildslave/unity/build/artifacts/generated/common/runtime/UnityEngineDebugBindings.gen.cpp Line: 42)

SAVE: createValueTypeData t: 0.3459473 f: 316725
 
(Filename: /home/builduser/buildslave/unity/build/artifacts/generated/common/runtime/UnityEngineDebugBindings.gen.cpp Line: 42)

SAVED t: 0.4116211 write: 0.003417969
 
(Filename: /home/builduser/buildslave/unity/build/artifacts/generated/common/runtime/UnityEngineDebugBindings.gen.cpp Line: 42)

Async Save Operation Finished
 
(Filename: /home/builduser/buildslave/unity/build/artifacts/generated/common/runtime/UnityEngineDebugBindings.gen.cpp Line: 42)

LOADED t: 0.7260742 f: 319007 Memory: 0 Mono: 0
 
(Filename: /home/builduser/buildslave/unity/build/artifacts/generated/common/runtime/UnityEngineDebugBindings.gen.cpp Line: 42)

LOADED t: 0.7475586 f: 323991 Memory: 0 Mono: 0
 
(Filename: /home/builduser/buildslave/unity/build/artifacts/generated/common/runtime/UnityEngineDebugBindings.gen.cpp Line: 42)

SAVE: createValueTypeData t: 0.329834 f: 326252
 
(Filename: /home/builduser/buildslave/unity/build/artifacts/generated/common/runtime/UnityEngineDebugBindings.gen.cpp Line: 42)

SAVED t: 0.407959 write: 0.002441406
 
(Filename: /home/builduser/buildslave/unity/build/artifacts/generated/common/runtime/UnityEngineDebugBindings.gen.cpp Line: 42)

Async Save Operation Finished
 
(Filename: /home/builduser/buildslave/unity/build/artifacts/generated/common/runtime/UnityEngineDebugBindings.gen.cpp Line: 42)

LOADED t: 0.7351074 f: 329981 Memory: 0 Mono: 0
 
(Filename: /home/builduser/buildslave/unity/build/artifacts/generated/common/runtime/UnityEngineDebugBindings.gen.cpp Line: 42)

SAVE: createValueTypeData t: 0.329834 f: 330475
 
(Filename: /home/builduser/buildslave/unity/build/artifacts/generated/common/runtime/UnityEngineDebugBindings.gen.cpp Line: 42)

SAVED t: 0.4055176 write: 0.002929688
 
(Filename: /home/builduser/buildslave/unity/build/artifacts/generated/common/runtime/UnityEngineDebugBindings.gen.cpp Line: 42)

Async Save Operation Finished
 
(Filename: /home/builduser/buildslave/unity/build/artifacts/generated/common/runtime/UnityEngineDebugBindings.gen.cpp Line: 42)

##### Load Level: gui_mainMenuNew Memory: 0 Mono: 0 #####
 
(Filename: /home/builduser/buildslave/unity/build/artifacts/generated/common/runtime/UnityEngineDebugBindings.gen.cpp Line: 42)

Unloading 0 Unused Serialized files (Serialized files now loaded: 0)

Unloading 2743 unused Assets to reduce memory usage. Loaded Objects now: 60358.
Total: 216.500992 ms (FindLiveObjects: 2.845000 ms CreateObjectMapping: 4.164000 ms MarkObjects: 151.179001 ms  DeleteObjects: 58.312000 ms)

Unloading 1 Unused Serialized files (Serialized files now loaded: 0)
UnloadTime: 5.988000 ms

Unloading 5 unused Assets to reduce memory usage. Loaded Objects now: 60354.
Total: 161.473007 ms (FindLiveObjects: 2.369000 ms CreateObjectMapping: 3.248000 ms MarkObjects: 153.240997 ms  DeleteObjects: 2.614000 ms)

Unloading 7 Unused Serialized files (Serialized files now loaded: 0)
UnloadTime: 4.491000 ms

Unloading 17152 unused Assets to reduce memory usage. Loaded Objects now: 45833.
Total: 227.723999 ms (FindLiveObjects: 2.764000 ms CreateObjectMapping: 3.209000 ms MarkObjects: 40.193001 ms  DeleteObjects: 181.556000 ms)

Unloading 6 Unused Serialized files (Serialized files now loaded: 0)
PresenceManager - Set presence to MainMenu.
 
(Filename: /home/builduser/buildslave/unity/build/artifacts/generated/common/runtime/UnityEngineDebugBindings.gen.cpp Line: 42)

requesting resize 1920 x 1080
Using native desktop resolution 3200 x 1080
Clamping fullscreen resolution to 1920 x 1080
requesting fullscreen 1920 x 1080 at 60 Hz
Desktop is 3200 x 1080 @ 60 Hz

Unloading 2 unused Assets to reduce memory usage. Loaded Objects now: 56139.
Total: 70.252998 ms (FindLiveObjects: 4.300000 ms CreateObjectMapping: 4.292000 ms MarkObjects: 61.606003 ms  DeleteObjects: 0.055000 ms)

Starting CAPT version: 1.1
 
(Filename: /home/builduser/buildslave/unity/build/artifacts/generated/common/runtime/UnityEngineDebugBindings.gen.cpp Line: 42)

There are remaining Allocations on the JobTempAlloc. This is a leak, and will impact performance
 
(Filename:  Line: 380)

